This file contains any messages produced by compilers while
running configure, to aid debugging if configure makes a mistake.

It was created by GNU coreutils configure 8.25, which was
generated by GNU Autoconf 2.69.  Invocation command line was

  $ ./configure clean

## --------- ##
## Platform. ##
## --------- ##

hostname = devil
uname -m = x86_64
uname -r = 4.4.0-2-deepin-amd64
uname -s = Linux
uname -v = #1 SMP Deepin 4.4.6-4 (2016-07-01)

/usr/bin/uname -p = unknown
/bin/uname -X     = unknown

/bin/arch              = unknown
/usr/bin/arch -k       = unknown
/usr/convex/getsysinfo = unknown
/usr/bin/hostinfo      = unknown
/bin/machine           = unknown
/usr/bin/oslevel       = unknown
/bin/universe          = unknown

PATH: /home/crixec/Android/android-ndk-r11c
PATH: /home/crixec/opt/jdk1.8.0_102/bin
PATH: /home/crixec/opt/jdk1.8.0_102/jre/bin
PATH: /home/crixec/opt/aarch64-linux-android/bin
PATH: /home/crixec/opt/arm-linux-androideabi/bin
PATH: /usr/local/bin
PATH: /usr/bin
PATH: /bin
PATH: /usr/local/games
PATH: /usr/games


## ----------- ##
## Core tests. ##
## ----------- ##

configure:4063: checking for a BSD-compatible install
configure:4131: result: /usr/bin/install -c
configure:4142: checking whether build environment is sane
configure:4197: result: yes
configure:4348: checking for a thread-safe mkdir -p
configure:4387: result: /bin/mkdir -p
configure:4394: checking for gawk
configure:4410: found /usr/bin/gawk
configure:4421: result: gawk
configure:4432: checking whether make sets $(MAKE)
configure:4454: result: yes
configure:4483: checking whether make supports nested variables
configure:4500: result: yes
configure:4637: checking whether make supports nested variables
configure:4654: result: yes
configure:4683: checking for style of include used by make
configure:4711: result: GNU
configure:4742: checking for clean-gcc
configure:4772: result: no
configure:4782: checking for gcc
configure:4798: found /usr/bin/gcc
configure:4809: result: gcc
configure:5038: checking for C compiler version
configure:5047: gcc --version >&5
gcc (Debian 5.3.1-19) 5.3.1 20160509
Copyright (C) 2015 Free Software Foundation, Inc.
This is free software; see the source for copying conditions.  There is NO
warranty; not even for MERCHANTABILITY or FITNESS FOR A PARTICULAR PURPOSE.

configure:5058: $? = 0
configure:5047: gcc -v >&5
Using built-in specs.
COLLECT_GCC=gcc
COLLECT_LTO_WRAPPER=/usr/lib/gcc/x86_64-linux-gnu/5/lto-wrapper
Target: x86_64-linux-gnu
Configured with: ../src/configure -v --with-pkgversion='Debian 5.3.1-19' --with-bugurl=file:///usr/share/doc/gcc-5/README.Bugs --enable-languages=c,ada,c++,java,go,d,fortran,objc,obj-c++ --prefix=/usr --program-suffix=-5 --enable-shared --enable-linker-build-id --libexecdir=/usr/lib --without-included-gettext --enable-threads=posix --libdir=/usr/lib --enable-nls --with-sysroot=/ --enable-clocale=gnu --enable-libstdcxx-debug --enable-libstdcxx-time=yes --with-default-libstdcxx-abi=new --enable-gnu-unique-object --disable-vtable-verify --enable-libmpx --enable-plugin --with-system-zlib --disable-browser-plugin --enable-java-awt=gtk --enable-gtk-cairo --with-java-home=/usr/lib/jvm/java-1.5.0-gcj-5-amd64/jre --enable-java-home --with-jvm-root-dir=/usr/lib/jvm/java-1.5.0-gcj-5-amd64 --with-jvm-jar-dir=/usr/lib/jvm-exports/java-1.5.0-gcj-5-amd64 --with-arch-directory=amd64 --with-ecj-jar=/usr/share/java/eclipse-ecj.jar --enable-objc-gc --enable-multiarch --with-arch-32=i686 --with-abi=m64 --with-multilib-list=m32,m64,mx32 --enable-multilib --with-tune=generic --enable-checking=release --build=x86_64-linux-gnu --host=x86_64-linux-gnu --target=x86_64-linux-gnu
Thread model: posix
gcc version 5.3.1 20160509 (Debian 5.3.1-19) 
configure:5058: $? = 0
configure:5047: gcc -V >&5
gcc: error: unrecognized command line option '-V'
gcc: fatal error: no input files
compilation terminated.
configure:5058: $? = 1
configure:5047: gcc -qversion >&5
gcc: error: unrecognized command line option '-qversion'
gcc: fatal error: no input files
compilation terminated.
configure:5058: $? = 1
configure:5078: checking whether the C compiler works
configure:5100: gcc    conftest.c  >&5
configure:5104: $? = 0
configure:5152: result: yes
configure:5155: checking for C compiler default output file name
configure:5157: result: a.out
configure:5163: checking for suffix of executables
configure:5170: gcc -o conftest    conftest.c  >&5
configure:5174: $? = 0
configure:5196: result: 
configure:5218: checking whether we are cross compiling
configure:5226: gcc -o conftest    conftest.c  >&5
configure:5230: $? = 0
configure:5237: ./conftest
configure:5241: $? = 0
configure:5256: result: no
configure:5261: checking for suffix of object files
configure:5283: gcc -c   conftest.c >&5
configure:5287: $? = 0
configure:5308: result: o
configure:5312: checking whether we are using the GNU C compiler
configure:5331: gcc -c   conftest.c >&5
configure:5331: $? = 0
configure:5340: result: yes
configure:5349: checking whether gcc accepts -g
configure:5369: gcc -c -g  conftest.c >&5
configure:5369: $? = 0
configure:5410: result: yes
configure:5427: checking for gcc option to accept ISO C89
configure:5490: gcc  -c -g -O2  conftest.c >&5
configure:5490: $? = 0
configure:5503: result: none needed
configure:5528: checking whether gcc understands -c and -o together
configure:5550: gcc -c conftest.c -o conftest2.o
configure:5553: $? = 0
configure:5550: gcc -c conftest.c -o conftest2.o
configure:5553: $? = 0
configure:5565: result: yes
configure:5584: checking dependency style of gcc
configure:5695: result: gcc3
configure:5714: checking for gcc option to accept ISO C99
configure:5863: gcc  -c -g -O2  conftest.c >&5
configure:5863: $? = 0
configure:5876: result: none needed
configure:5984: checking for gcc option to accept ISO Standard C
configure:5995: result: none needed
configure:6008: checking how to run the C preprocessor
configure:6039: gcc -E  conftest.c
configure:6039: $? = 0
configure:6053: gcc -E  conftest.c
conftest.c:11:28: fatal error: ac_nonexistent.h: No such file or directory
compilation terminated.
configure:6053: $? = 1
configure: failed program was:
| /* confdefs.h */
| #define PACKAGE_NAME "GNU coreutils"
| #define PACKAGE_TARNAME "coreutils"
| #define PACKAGE_VERSION "8.25"
| #define PACKAGE_STRING "GNU coreutils 8.25"
| #define PACKAGE_BUGREPORT "bug-coreutils@gnu.org"
| #define PACKAGE_URL "http://www.gnu.org/software/coreutils/"
| #define PACKAGE "coreutils"
| #define VERSION "8.25"
| /* end confdefs.h.  */
| #include <ac_nonexistent.h>
configure:6078: result: gcc -E
configure:6098: gcc -E  conftest.c
configure:6098: $? = 0
configure:6112: gcc -E  conftest.c
conftest.c:11:28: fatal error: ac_nonexistent.h: No such file or directory
compilation terminated.
configure:6112: $? = 1
configure: failed program was:
| /* confdefs.h */
| #define PACKAGE_NAME "GNU coreutils"
| #define PACKAGE_TARNAME "coreutils"
| #define PACKAGE_VERSION "8.25"
| #define PACKAGE_STRING "GNU coreutils 8.25"
| #define PACKAGE_BUGREPORT "bug-coreutils@gnu.org"
| #define PACKAGE_URL "http://www.gnu.org/software/coreutils/"
| #define PACKAGE "coreutils"
| #define VERSION "8.25"
| /* end confdefs.h.  */
| #include <ac_nonexistent.h>
configure:6142: checking for grep that handles long lines and -e
configure:6200: result: /bin/grep
configure:6205: checking for egrep
configure:6267: result: /bin/grep -E
configure:6273: checking whether gcc needs -traditional
configure:6307: result: no
configure:6317: checking for clean-ranlib
configure:6347: result: no
configure:6357: checking for ranlib
configure:6373: found /usr/bin/ranlib
configure:6384: result: ranlib
configure:6406: checking whether ln -s works
configure:6410: result: yes
configure:6417: checking for ANSI C header files
configure:6437: gcc -c -g -O2  conftest.c >&5
configure:6437: $? = 0
configure:6510: gcc -o conftest -g -O2   conftest.c  >&5
configure:6510: $? = 0
configure:6510: ./conftest
configure:6510: $? = 0
configure:6521: result: yes
configure:6534: checking for sys/types.h
configure:6534: gcc -c -g -O2  conftest.c >&5
configure:6534: $? = 0

## ---------------- ##
## Cache variables. ##
## ---------------- ##

ac_cv_c_compiler_gnu=yes
ac_cv_env_CC_set=
ac_cv_env_CC_value=
ac_cv_env_CFLAGS_set=
ac_cv_env_CFLAGS_value=
ac_cv_env_CPPFLAGS_set=
ac_cv_env_CPPFLAGS_value=
ac_cv_env_CPP_set=
ac_cv_env_CPP_value=
ac_cv_env_DEFAULT_POSIX2_VERSION_set=
ac_cv_env_DEFAULT_POSIX2_VERSION_value=
ac_cv_env_LDFLAGS_set=
ac_cv_env_LDFLAGS_value=
ac_cv_env_LIBS_set=
ac_cv_env_LIBS_value=
ac_cv_env_YACC_set=
ac_cv_env_YACC_value=
ac_cv_env_YFLAGS_set=
ac_cv_env_YFLAGS_value=
ac_cv_env_build_alias_set=set
ac_cv_env_build_alias_value=clean
ac_cv_env_host_alias_set=set
ac_cv_env_host_alias_value=clean
ac_cv_env_target_alias_set=set
ac_cv_env_target_alias_value=clean
ac_cv_header_stdc=yes
ac_cv_header_sys_types_h=yes
ac_cv_objext=o
ac_cv_path_EGREP='/bin/grep -E'
ac_cv_path_GREP=/bin/grep
ac_cv_path_install='/usr/bin/install -c'
ac_cv_path_mkdir=/bin/mkdir
ac_cv_prog_AWK=gawk
ac_cv_prog_CPP='gcc -E'
ac_cv_prog_ac_ct_CC=gcc
ac_cv_prog_ac_ct_RANLIB=ranlib
ac_cv_prog_cc_c89=
ac_cv_prog_cc_c99=
ac_cv_prog_cc_g=yes
ac_cv_prog_cc_stdc=
ac_cv_prog_gcc_traditional=no
ac_cv_prog_make_make_set=yes
am_cv_CC_dependencies_compiler_type=gcc3
am_cv_make_support_nested_variables=yes
am_cv_prog_cc_c_o=yes

## ----------------- ##
## Output variables. ##
## ----------------- ##

ACLOCAL='${SHELL} /home/crixec/workspace/cross/coreutils-8.25/build-aux/missing aclocal-1.15'
ALLOCA=''
ALLOCA_H=''
AMDEPBACKSLASH='\'
AMDEP_FALSE='#'
AMDEP_TRUE=''
AMTAR='$${TAR-tar}'
AM_BACKSLASH='\'
AM_DEFAULT_V='$(AM_DEFAULT_VERBOSITY)'
AM_DEFAULT_VERBOSITY='0'
AM_V='$(V)'
APPLE_UNIVERSAL_BUILD=''
AR=''
ARFLAGS=''
AUTOCONF='${SHELL} /home/crixec/workspace/cross/coreutils-8.25/build-aux/missing autoconf'
AUTOHEADER='${SHELL} /home/crixec/workspace/cross/coreutils-8.25/build-aux/missing autoheader'
AUTOMAKE='${SHELL} /home/crixec/workspace/cross/coreutils-8.25/build-aux/missing automake-1.15'
AWK='gawk'
BITSIZEOF_PTRDIFF_T=''
BITSIZEOF_SIG_ATOMIC_T=''
BITSIZEOF_SIZE_T=''
BITSIZEOF_WCHAR_T=''
BITSIZEOF_WINT_T=''
CC='gcc'
CCDEPMODE='depmode=gcc3'
CFLAGS='-g -O2'
CONFIG_INCLUDE=''
CPP='gcc -E'
CPPFLAGS=''
CROSS_COMPILING_FALSE=''
CROSS_COMPILING_TRUE=''
CYGPATH_W='echo'
DEFAULT_POSIX2_VERSION=''
DEFS=''
DEPDIR='.deps'
ECHO_C=''
ECHO_N='-n'
ECHO_T=''
EGREP='/bin/grep -E'
EMULTIHOP_HIDDEN=''
EMULTIHOP_VALUE=''
ENOLINK_HIDDEN=''
ENOLINK_VALUE=''
EOVERFLOW_HIDDEN=''
EOVERFLOW_VALUE=''
ERRNO_H=''
EXEEXT=''
EXTRA_MANS=''
FLOAT_H=''
FNMATCH_H=''
GETADDRINFO_LIB=''
GETHOSTNAME_LIB=''
GETLOADAVG_LIBS=''
GETOPT_H=''
GETTEXT_MACRO_VERSION=''
GLIBC21=''
GL_COND_LIBTOOL_FALSE=''
GL_COND_LIBTOOL_TRUE=''
GL_GENERATE_ALLOCA_H_FALSE=''
GL_GENERATE_ALLOCA_H_TRUE=''
GL_GENERATE_ERRNO_H_FALSE=''
GL_GENERATE_ERRNO_H_TRUE=''
GL_GENERATE_FLOAT_H_FALSE=''
GL_GENERATE_FLOAT_H_TRUE=''
GL_GENERATE_FNMATCH_H_FALSE=''
GL_GENERATE_FNMATCH_H_TRUE=''
GL_GENERATE_ICONV_H_FALSE=''
GL_GENERATE_ICONV_H_TRUE=''
GL_GENERATE_NETINET_IN_H_FALSE=''
GL_GENERATE_NETINET_IN_H_TRUE=''
GL_GENERATE_PTHREAD_H_FALSE=''
GL_GENERATE_PTHREAD_H_TRUE=''
GL_GENERATE_SCHED_H_FALSE=''
GL_GENERATE_SCHED_H_TRUE=''
GL_GENERATE_SELINUX_CONTEXT_H_FALSE=''
GL_GENERATE_SELINUX_CONTEXT_H_TRUE=''
GL_GENERATE_STDALIGN_H_FALSE=''
GL_GENERATE_STDALIGN_H_TRUE=''
GL_GENERATE_STDARG_H_FALSE=''
GL_GENERATE_STDARG_H_TRUE=''
GL_GENERATE_STDBOOL_H_FALSE=''
GL_GENERATE_STDBOOL_H_TRUE=''
GL_GENERATE_STDDEF_H_FALSE=''
GL_GENERATE_STDDEF_H_TRUE=''
GL_GENERATE_STDINT_H_FALSE=''
GL_GENERATE_STDINT_H_TRUE=''
GMSGFMT=''
GMSGFMT_015=''
GNULIB_ACCEPT4=''
GNULIB_ACCEPT=''
GNULIB_ACOSF=''
GNULIB_ACOSL=''
GNULIB_ALPHASORT=''
GNULIB_ASINF=''
GNULIB_ASINL=''
GNULIB_ATAN2F=''
GNULIB_ATANF=''
GNULIB_ATANL=''
GNULIB_ATOLL=''
GNULIB_BIND=''
GNULIB_BTOWC=''
GNULIB_CALLOC_POSIX=''
GNULIB_CANONICALIZE_FILE_NAME=''
GNULIB_CBRT=''
GNULIB_CBRTF=''
GNULIB_CBRTL=''
GNULIB_CEIL=''
GNULIB_CEILF=''
GNULIB_CEILL=''
GNULIB_CHDIR=''
GNULIB_CHOWN=''
GNULIB_CLOSE=''
GNULIB_CLOSEDIR=''
GNULIB_CONNECT=''
GNULIB_COPYSIGN=''
GNULIB_COPYSIGNF=''
GNULIB_COPYSIGNL=''
GNULIB_COSF=''
GNULIB_COSHF=''
GNULIB_COSL=''
GNULIB_DIRFD=''
GNULIB_DPRINTF=''
GNULIB_DUP2=''
GNULIB_DUP3=''
GNULIB_DUP=''
GNULIB_DUPLOCALE=''
GNULIB_ENVIRON=''
GNULIB_EUIDACCESS=''
GNULIB_EXP2=''
GNULIB_EXP2F=''
GNULIB_EXP2L=''
GNULIB_EXPF=''
GNULIB_EXPL=''
GNULIB_EXPM1=''
GNULIB_EXPM1F=''
GNULIB_EXPM1L=''
GNULIB_FABSF=''
GNULIB_FABSL=''
GNULIB_FACCESSAT=''
GNULIB_FCHDIR=''
GNULIB_FCHMODAT=''
GNULIB_FCHOWNAT=''
GNULIB_FCLOSE=''
GNULIB_FCNTL=''
GNULIB_FDATASYNC=''
GNULIB_FDOPEN=''
GNULIB_FDOPENDIR=''
GNULIB_FFLUSH=''
GNULIB_FFSL=''
GNULIB_FFSLL=''
GNULIB_FGETC=''
GNULIB_FGETS=''
GNULIB_FLOOR=''
GNULIB_FLOORF=''
GNULIB_FLOORL=''
GNULIB_FMA=''
GNULIB_FMAF=''
GNULIB_FMAL=''
GNULIB_FMOD=''
GNULIB_FMODF=''
GNULIB_FMODL=''
GNULIB_FOPEN=''
GNULIB_FPRINTF=''
GNULIB_FPRINTF_POSIX=''
GNULIB_FPURGE=''
GNULIB_FPUTC=''
GNULIB_FPUTS=''
GNULIB_FREAD=''
GNULIB_FREOPEN=''
GNULIB_FREXP=''
GNULIB_FREXPF=''
GNULIB_FREXPL=''
GNULIB_FSCANF=''
GNULIB_FSEEK=''
GNULIB_FSEEKO=''
GNULIB_FSTAT=''
GNULIB_FSTATAT=''
GNULIB_FSYNC=''
GNULIB_FTELL=''
GNULIB_FTELLO=''
GNULIB_FTRUNCATE=''
GNULIB_FUTIMENS=''
GNULIB_FWRITE=''
GNULIB_GETADDRINFO=''
GNULIB_GETC=''
GNULIB_GETCHAR=''
GNULIB_GETCWD=''
GNULIB_GETDELIM=''
GNULIB_GETDOMAINNAME=''
GNULIB_GETDTABLESIZE=''
GNULIB_GETGROUPS=''
GNULIB_GETHOSTNAME=''
GNULIB_GETLINE=''
GNULIB_GETLOADAVG=''
GNULIB_GETLOGIN=''
GNULIB_GETLOGIN_R=''
GNULIB_GETPAGESIZE=''
GNULIB_GETPEERNAME=''
GNULIB_GETRUSAGE=''
GNULIB_GETSOCKNAME=''
GNULIB_GETSOCKOPT=''
GNULIB_GETSUBOPT=''
GNULIB_GETTIMEOFDAY=''
GNULIB_GETUSERSHELL=''
GNULIB_GL_UNISTD_H_GETOPT=''
GNULIB_GRANTPT=''
GNULIB_GROUP_MEMBER=''
GNULIB_HYPOT=''
GNULIB_HYPOTF=''
GNULIB_HYPOTL=''
GNULIB_ICONV=''
GNULIB_ILOGB=''
GNULIB_ILOGBF=''
GNULIB_ILOGBL=''
GNULIB_IMAXABS=''
GNULIB_IMAXDIV=''
GNULIB_INET_NTOP=''
GNULIB_INET_PTON=''
GNULIB_IOCTL=''
GNULIB_ISATTY=''
GNULIB_ISBLANK=''
GNULIB_ISFINITE=''
GNULIB_ISINF=''
GNULIB_ISNAN=''
GNULIB_ISNAND=''
GNULIB_ISNANF=''
GNULIB_ISNANL=''
GNULIB_ISWBLANK=''
GNULIB_ISWCTYPE=''
GNULIB_LCHMOD=''
GNULIB_LCHOWN=''
GNULIB_LDEXPF=''
GNULIB_LDEXPL=''
GNULIB_LINK=''
GNULIB_LINKAT=''
GNULIB_LISTEN=''
GNULIB_LOCALECONV=''
GNULIB_LOG10=''
GNULIB_LOG10F=''
GNULIB_LOG10L=''
GNULIB_LOG1P=''
GNULIB_LOG1PF=''
GNULIB_LOG1PL=''
GNULIB_LOG2=''
GNULIB_LOG2F=''
GNULIB_LOG2L=''
GNULIB_LOG=''
GNULIB_LOGB=''
GNULIB_LOGBF=''
GNULIB_LOGBL=''
GNULIB_LOGF=''
GNULIB_LOGL=''
GNULIB_LSEEK=''
GNULIB_LSTAT=''
GNULIB_MALLOC_POSIX=''
GNULIB_MBRLEN=''
GNULIB_MBRTOWC=''
GNULIB_MBSCASECMP=''
GNULIB_MBSCASESTR=''
GNULIB_MBSCHR=''
GNULIB_MBSCSPN=''
GNULIB_MBSINIT=''
GNULIB_MBSLEN=''
GNULIB_MBSNCASECMP=''
GNULIB_MBSNLEN=''
GNULIB_MBSNRTOWCS=''
GNULIB_MBSPBRK=''
GNULIB_MBSPCASECMP=''
GNULIB_MBSRCHR=''
GNULIB_MBSRTOWCS=''
GNULIB_MBSSEP=''
GNULIB_MBSSPN=''
GNULIB_MBSSTR=''
GNULIB_MBSTOK_R=''
GNULIB_MBTOWC=''
GNULIB_MEMCHR=''
GNULIB_MEMMEM=''
GNULIB_MEMPCPY=''
GNULIB_MEMRCHR=''
GNULIB_MKDIRAT=''
GNULIB_MKDTEMP=''
GNULIB_MKFIFO=''
GNULIB_MKFIFOAT=''
GNULIB_MKNOD=''
GNULIB_MKNODAT=''
GNULIB_MKOSTEMP=''
GNULIB_MKOSTEMPS=''
GNULIB_MKSTEMP=''
GNULIB_MKSTEMPS=''
GNULIB_MKTIME=''
GNULIB_MODF=''
GNULIB_MODFF=''
GNULIB_MODFL=''
GNULIB_NANOSLEEP=''
GNULIB_NL_LANGINFO=''
GNULIB_NONBLOCKING=''
GNULIB_OBSTACK_PRINTF=''
GNULIB_OBSTACK_PRINTF_POSIX=''
GNULIB_OPEN=''
GNULIB_OPENAT=''
GNULIB_OPENDIR=''
GNULIB_PCLOSE=''
GNULIB_PERROR=''
GNULIB_PIPE2=''
GNULIB_PIPE=''
GNULIB_POPEN=''
GNULIB_POSIX_OPENPT=''
GNULIB_POWF=''
GNULIB_PREAD=''
GNULIB_PRINTF=''
GNULIB_PRINTF_POSIX=''
GNULIB_PSELECT=''
GNULIB_PTHREAD_SIGMASK=''
GNULIB_PTSNAME=''
GNULIB_PTSNAME_R=''
GNULIB_PUTC=''
GNULIB_PUTCHAR=''
GNULIB_PUTENV=''
GNULIB_PUTS=''
GNULIB_PWRITE=''
GNULIB_QSORT_R=''
GNULIB_RAISE=''
GNULIB_RANDOM=''
GNULIB_RANDOM_R=''
GNULIB_RAWMEMCHR=''
GNULIB_READ=''
GNULIB_READDIR=''
GNULIB_READLINK=''
GNULIB_READLINKAT=''
GNULIB_REALLOC_POSIX=''
GNULIB_REALPATH=''
GNULIB_RECV=''
GNULIB_RECVFROM=''
GNULIB_REMAINDER=''
GNULIB_REMAINDERF=''
GNULIB_REMAINDERL=''
GNULIB_REMOVE=''
GNULIB_RENAME=''
GNULIB_RENAMEAT=''
GNULIB_REWINDDIR=''
GNULIB_RINT=''
GNULIB_RINTF=''
GNULIB_RINTL=''
GNULIB_RMDIR=''
GNULIB_ROUND=''
GNULIB_ROUNDF=''
GNULIB_ROUNDL=''
GNULIB_RPMATCH=''
GNULIB_SCANDIR=''
GNULIB_SCANF=''
GNULIB_SECURE_GETENV=''
GNULIB_SELECT=''
GNULIB_SEND=''
GNULIB_SENDTO=''
GNULIB_SETENV=''
GNULIB_SETHOSTNAME=''
GNULIB_SETLOCALE=''
GNULIB_SETSOCKOPT=''
GNULIB_SHUTDOWN=''
GNULIB_SIGACTION=''
GNULIB_SIGNAL_H_SIGPIPE=''
GNULIB_SIGNBIT=''
GNULIB_SIGPROCMASK=''
GNULIB_SINF=''
GNULIB_SINHF=''
GNULIB_SINL=''
GNULIB_SLEEP=''
GNULIB_SNPRINTF=''
GNULIB_SOCKET=''
GNULIB_SPRINTF_POSIX=''
GNULIB_SQRTF=''
GNULIB_SQRTL=''
GNULIB_STAT=''
GNULIB_STDIO_H_NONBLOCKING=''
GNULIB_STDIO_H_SIGPIPE=''
GNULIB_STPCPY=''
GNULIB_STPNCPY=''
GNULIB_STRCASESTR=''
GNULIB_STRCHRNUL=''
GNULIB_STRDUP=''
GNULIB_STRERROR=''
GNULIB_STRERROR_R=''
GNULIB_STRNCAT=''
GNULIB_STRNDUP=''
GNULIB_STRNLEN=''
GNULIB_STRPBRK=''
GNULIB_STRPTIME=''
GNULIB_STRSEP=''
GNULIB_STRSIGNAL=''
GNULIB_STRSTR=''
GNULIB_STRTOD=''
GNULIB_STRTOIMAX=''
GNULIB_STRTOK_R=''
GNULIB_STRTOLL=''
GNULIB_STRTOULL=''
GNULIB_STRTOUMAX=''
GNULIB_STRVERSCMP=''
GNULIB_SYMLINK=''
GNULIB_SYMLINKAT=''
GNULIB_SYSTEM_POSIX=''
GNULIB_TANF=''
GNULIB_TANHF=''
GNULIB_TANL=''
GNULIB_TCGETSID=''
GNULIB_TEST_WARN_CFLAGS=''
GNULIB_TIMEGM=''
GNULIB_TIME_R=''
GNULIB_TIME_RZ=''
GNULIB_TMPFILE=''
GNULIB_TOWCTRANS=''
GNULIB_TRUNC=''
GNULIB_TRUNCF=''
GNULIB_TRUNCL=''
GNULIB_TTYNAME_R=''
GNULIB_UNAME=''
GNULIB_UNISTD_H_NONBLOCKING=''
GNULIB_UNISTD_H_SIGPIPE=''
GNULIB_UNLINK=''
GNULIB_UNLINKAT=''
GNULIB_UNLOCKPT=''
GNULIB_UNSETENV=''
GNULIB_USLEEP=''
GNULIB_UTIMENSAT=''
GNULIB_VASPRINTF=''
GNULIB_VDPRINTF=''
GNULIB_VFPRINTF=''
GNULIB_VFPRINTF_POSIX=''
GNULIB_VFSCANF=''
GNULIB_VPRINTF=''
GNULIB_VPRINTF_POSIX=''
GNULIB_VSCANF=''
GNULIB_VSNPRINTF=''
GNULIB_VSPRINTF_POSIX=''
GNULIB_WAITPID=''
GNULIB_WARN_CFLAGS=''
GNULIB_WCPCPY=''
GNULIB_WCPNCPY=''
GNULIB_WCRTOMB=''
GNULIB_WCSCASECMP=''
GNULIB_WCSCAT=''
GNULIB_WCSCHR=''
GNULIB_WCSCMP=''
GNULIB_WCSCOLL=''
GNULIB_WCSCPY=''
GNULIB_WCSCSPN=''
GNULIB_WCSDUP=''
GNULIB_WCSLEN=''
GNULIB_WCSNCASECMP=''
GNULIB_WCSNCAT=''
GNULIB_WCSNCMP=''
GNULIB_WCSNCPY=''
GNULIB_WCSNLEN=''
GNULIB_WCSNRTOMBS=''
GNULIB_WCSPBRK=''
GNULIB_WCSRCHR=''
GNULIB_WCSRTOMBS=''
GNULIB_WCSSPN=''
GNULIB_WCSSTR=''
GNULIB_WCSTOK=''
GNULIB_WCSWIDTH=''
GNULIB_WCSXFRM=''
GNULIB_WCTOB=''
GNULIB_WCTOMB=''
GNULIB_WCTRANS=''
GNULIB_WCTYPE=''
GNULIB_WCWIDTH=''
GNULIB_WMEMCHR=''
GNULIB_WMEMCMP=''
GNULIB_WMEMCPY=''
GNULIB_WMEMMOVE=''
GNULIB_WMEMSET=''
GNULIB_WRITE=''
GNULIB__EXIT=''
GNU_MAKE_FALSE=''
GNU_MAKE_TRUE=''
GREP='/bin/grep'
HAVE_ACCEPT4=''
HAVE_ACOSF=''
HAVE_ACOSL=''
HAVE_ALPHASORT=''
HAVE_ARPA_INET_H=''
HAVE_ASINF=''
HAVE_ASINL=''
HAVE_ATAN2F=''
HAVE_ATANF=''
HAVE_ATANL=''
HAVE_ATOLL=''
HAVE_BTOWC=''
HAVE_CANONICALIZE_FILE_NAME=''
HAVE_CBRT=''
HAVE_CBRTF=''
HAVE_CBRTL=''
HAVE_CHOWN=''
HAVE_CLOSEDIR=''
HAVE_COPYSIGN=''
HAVE_COPYSIGNL=''
HAVE_COSF=''
HAVE_COSHF=''
HAVE_COSL=''
HAVE_DECL_ACOSL=''
HAVE_DECL_ASINL=''
HAVE_DECL_ATANL=''
HAVE_DECL_CBRTF=''
HAVE_DECL_CBRTL=''
HAVE_DECL_CEILF=''
HAVE_DECL_CEILL=''
HAVE_DECL_COPYSIGNF=''
HAVE_DECL_COSL=''
HAVE_DECL_DIRFD=''
HAVE_DECL_ENVIRON=''
HAVE_DECL_EXP2=''
HAVE_DECL_EXP2F=''
HAVE_DECL_EXP2L=''
HAVE_DECL_EXPL=''
HAVE_DECL_EXPM1L=''
HAVE_DECL_FCHDIR=''
HAVE_DECL_FDATASYNC=''
HAVE_DECL_FDOPENDIR=''
HAVE_DECL_FLOORF=''
HAVE_DECL_FLOORL=''
HAVE_DECL_FPURGE=''
HAVE_DECL_FREEADDRINFO=''
HAVE_DECL_FREXPL=''
HAVE_DECL_FSEEKO=''
HAVE_DECL_FTELLO=''
HAVE_DECL_GAI_STRERROR=''
HAVE_DECL_GETADDRINFO=''
HAVE_DECL_GETDELIM=''
HAVE_DECL_GETDOMAINNAME=''
HAVE_DECL_GETLINE=''
HAVE_DECL_GETLOADAVG=''
HAVE_DECL_GETLOGIN_R=''
HAVE_DECL_GETNAMEINFO=''
HAVE_DECL_GETPAGESIZE=''
HAVE_DECL_GETUSERSHELL=''
HAVE_DECL_IMAXABS=''
HAVE_DECL_IMAXDIV=''
HAVE_DECL_INET_NTOP=''
HAVE_DECL_INET_PTON=''
HAVE_DECL_LDEXPL=''
HAVE_DECL_LOCALTIME_R=''
HAVE_DECL_LOG10L=''
HAVE_DECL_LOG2=''
HAVE_DECL_LOG2F=''
HAVE_DECL_LOG2L=''
HAVE_DECL_LOGB=''
HAVE_DECL_LOGL=''
HAVE_DECL_MEMMEM=''
HAVE_DECL_MEMRCHR=''
HAVE_DECL_OBSTACK_PRINTF=''
HAVE_DECL_REMAINDER=''
HAVE_DECL_REMAINDERL=''
HAVE_DECL_RINTF=''
HAVE_DECL_ROUND=''
HAVE_DECL_ROUNDF=''
HAVE_DECL_ROUNDL=''
HAVE_DECL_SETENV=''
HAVE_DECL_SETHOSTNAME=''
HAVE_DECL_SINL=''
HAVE_DECL_SNPRINTF=''
HAVE_DECL_SQRTL=''
HAVE_DECL_STRDUP=''
HAVE_DECL_STRERROR_R=''
HAVE_DECL_STRNDUP=''
HAVE_DECL_STRNLEN=''
HAVE_DECL_STRSIGNAL=''
HAVE_DECL_STRTOIMAX=''
HAVE_DECL_STRTOK_R=''
HAVE_DECL_STRTOUMAX=''
HAVE_DECL_TANL=''
HAVE_DECL_TCGETSID=''
HAVE_DECL_TRUNC=''
HAVE_DECL_TRUNCF=''
HAVE_DECL_TRUNCL=''
HAVE_DECL_TTYNAME_R=''
HAVE_DECL_UNSETENV=''
HAVE_DECL_VSNPRINTF=''
HAVE_DECL_WCTOB=''
HAVE_DECL_WCWIDTH=''
HAVE_DIRENT_H=''
HAVE_DPRINTF=''
HAVE_DUP2=''
HAVE_DUP3=''
HAVE_DUPLOCALE=''
HAVE_EUIDACCESS=''
HAVE_EXPF=''
HAVE_EXPL=''
HAVE_EXPM1=''
HAVE_EXPM1F=''
HAVE_FABSF=''
HAVE_FABSL=''
HAVE_FACCESSAT=''
HAVE_FCHDIR=''
HAVE_FCHMODAT=''
HAVE_FCHOWNAT=''
HAVE_FCNTL=''
HAVE_FDATASYNC=''
HAVE_FDOPENDIR=''
HAVE_FEATURES_H=''
HAVE_FFSL=''
HAVE_FFSLL=''
HAVE_FMA=''
HAVE_FMAF=''
HAVE_FMAL=''
HAVE_FMODF=''
HAVE_FMODL=''
HAVE_FREXPF=''
HAVE_FSEEKO=''
HAVE_FSTATAT=''
HAVE_FSYNC=''
HAVE_FTELLO=''
HAVE_FTRUNCATE=''
HAVE_FUTIMENS=''
HAVE_GETDTABLESIZE=''
HAVE_GETGROUPS=''
HAVE_GETHOSTNAME=''
HAVE_GETLOGIN=''
HAVE_GETOPT_H=''
HAVE_GETPAGESIZE=''
HAVE_GETRUSAGE=''
HAVE_GETSUBOPT=''
HAVE_GETTIMEOFDAY=''
HAVE_GRANTPT=''
HAVE_GROUP_MEMBER=''
HAVE_HYPOTF=''
HAVE_HYPOTL=''
HAVE_ILOGB=''
HAVE_ILOGBF=''
HAVE_ILOGBL=''
HAVE_INTTYPES_H=''
HAVE_ISBLANK=''
HAVE_ISNAND=''
HAVE_ISNANF=''
HAVE_ISNANL=''
HAVE_ISWBLANK=''
HAVE_ISWCNTRL=''
HAVE_LANGINFO_CODESET=''
HAVE_LANGINFO_ERA=''
HAVE_LANGINFO_H=''
HAVE_LANGINFO_T_FMT_AMPM=''
HAVE_LANGINFO_YESEXPR=''
HAVE_LCHMOD=''
HAVE_LCHOWN=''
HAVE_LDEXPF=''
HAVE_LINK=''
HAVE_LINKAT=''
HAVE_LOG10F=''
HAVE_LOG10L=''
HAVE_LOG1P=''
HAVE_LOG1PF=''
HAVE_LOG1PL=''
HAVE_LOGBF=''
HAVE_LOGBL=''
HAVE_LOGF=''
HAVE_LOGL=''
HAVE_LONG_LONG_INT=''
HAVE_LSTAT=''
HAVE_MAX_ALIGN_T=''
HAVE_MBRLEN=''
HAVE_MBRTOWC=''
HAVE_MBSINIT=''
HAVE_MBSLEN=''
HAVE_MBSNRTOWCS=''
HAVE_MBSRTOWCS=''
HAVE_MEMCHR=''
HAVE_MEMPCPY=''
HAVE_MKDIRAT=''
HAVE_MKDTEMP=''
HAVE_MKFIFO=''
HAVE_MKFIFOAT=''
HAVE_MKNOD=''
HAVE_MKNODAT=''
HAVE_MKOSTEMP=''
HAVE_MKOSTEMPS=''
HAVE_MKSTEMP=''
HAVE_MKSTEMPS=''
HAVE_MODFF=''
HAVE_MODFL=''
HAVE_MSVC_INVALID_PARAMETER_HANDLER=''
HAVE_NANOSLEEP=''
HAVE_NETDB_H=''
HAVE_NETINET_IN_H=''
HAVE_NL_LANGINFO=''
HAVE_OPENAT=''
HAVE_OPENDIR=''
HAVE_OS_H=''
HAVE_PCLOSE=''
HAVE_PERL_FALSE=''
HAVE_PERL_TRUE=''
HAVE_PIPE2=''
HAVE_PIPE=''
HAVE_POPEN=''
HAVE_POSIX_OPENPT=''
HAVE_POSIX_SIGNALBLOCKING=''
HAVE_POWF=''
HAVE_PREAD=''
HAVE_PSELECT=''
HAVE_PTHREAD_H=''
HAVE_PTHREAD_SIGMASK=''
HAVE_PTHREAD_SPINLOCK_T=''
HAVE_PTHREAD_T=''
HAVE_PTSNAME=''
HAVE_PTSNAME_R=''
HAVE_PWRITE=''
HAVE_RAISE=''
HAVE_RANDOM=''
HAVE_RANDOM_H=''
HAVE_RANDOM_R=''
HAVE_RAWMEMCHR=''
HAVE_READDIR=''
HAVE_READLINK=''
HAVE_READLINKAT=''
HAVE_REALPATH=''
HAVE_REMAINDER=''
HAVE_REMAINDERF=''
HAVE_RENAMEAT=''
HAVE_REWINDDIR=''
HAVE_RINT=''
HAVE_RINTL=''
HAVE_RPMATCH=''
HAVE_SAME_LONG_DOUBLE_AS_DOUBLE=''
HAVE_SA_FAMILY_T=''
HAVE_SCANDIR=''
HAVE_SCHED_H=''
HAVE_SECURE_GETENV=''
HAVE_SETENV=''
HAVE_SETHOSTNAME=''
HAVE_SIGACTION=''
HAVE_SIGHANDLER_T=''
HAVE_SIGINFO_T=''
HAVE_SIGNED_SIG_ATOMIC_T=''
HAVE_SIGNED_WCHAR_T=''
HAVE_SIGNED_WINT_T=''
HAVE_SIGSET_T=''
HAVE_SINF=''
HAVE_SINHF=''
HAVE_SINL=''
HAVE_SLEEP=''
HAVE_SQRTF=''
HAVE_SQRTL=''
HAVE_STDINT_H=''
HAVE_STPCPY=''
HAVE_STPNCPY=''
HAVE_STRCASESTR=''
HAVE_STRCHRNUL=''
HAVE_STRPBRK=''
HAVE_STRPTIME=''
HAVE_STRSEP=''
HAVE_STRTOD=''
HAVE_STRTOLL=''
HAVE_STRTOULL=''
HAVE_STRUCT_ADDRINFO=''
HAVE_STRUCT_RANDOM_DATA=''
HAVE_STRUCT_SCHED_PARAM=''
HAVE_STRUCT_SIGACTION_SA_SIGACTION=''
HAVE_STRUCT_SOCKADDR_STORAGE=''
HAVE_STRUCT_SOCKADDR_STORAGE_SS_FAMILY=''
HAVE_STRUCT_TIMEVAL=''
HAVE_STRUCT_UTSNAME=''
HAVE_STRVERSCMP=''
HAVE_SYMLINK=''
HAVE_SYMLINKAT=''
HAVE_SYS_BITYPES_H=''
HAVE_SYS_INTTYPES_H=''
HAVE_SYS_IOCTL_H=''
HAVE_SYS_LOADAVG_H=''
HAVE_SYS_PARAM_H=''
HAVE_SYS_RESOURCE_H=''
HAVE_SYS_SELECT_H=''
HAVE_SYS_SOCKET_H=''
HAVE_SYS_TIME_H=''
HAVE_SYS_TYPES_H=''
HAVE_SYS_UIO_H=''
HAVE_SYS_UTSNAME_H=''
HAVE_TANF=''
HAVE_TANHF=''
HAVE_TANL=''
HAVE_TERMIOS_H=''
HAVE_TIMEGM=''
HAVE_TIMEZONE_T=''
HAVE_TYPE_VOLATILE_SIG_ATOMIC_T=''
HAVE_UNAME=''
HAVE_UNISTD_H=''
HAVE_UNLINKAT=''
HAVE_UNLOCKPT=''
HAVE_UNSIGNED_LONG_LONG_INT=''
HAVE_USLEEP=''
HAVE_UTIMENSAT=''
HAVE_VASPRINTF=''
HAVE_VDPRINTF=''
HAVE_WCHAR_H=''
HAVE_WCHAR_T=''
HAVE_WCPCPY=''
HAVE_WCPNCPY=''
HAVE_WCRTOMB=''
HAVE_WCSCASECMP=''
HAVE_WCSCAT=''
HAVE_WCSCHR=''
HAVE_WCSCMP=''
HAVE_WCSCOLL=''
HAVE_WCSCPY=''
HAVE_WCSCSPN=''
HAVE_WCSDUP=''
HAVE_WCSLEN=''
HAVE_WCSNCASECMP=''
HAVE_WCSNCAT=''
HAVE_WCSNCMP=''
HAVE_WCSNCPY=''
HAVE_WCSNLEN=''
HAVE_WCSNRTOMBS=''
HAVE_WCSPBRK=''
HAVE_WCSRCHR=''
HAVE_WCSRTOMBS=''
HAVE_WCSSPN=''
HAVE_WCSSTR=''
HAVE_WCSTOK=''
HAVE_WCSWIDTH=''
HAVE_WCSXFRM=''
HAVE_WCTRANS_T=''
HAVE_WCTYPE_H=''
HAVE_WCTYPE_T=''
HAVE_WINSOCK2_H=''
HAVE_WINT_T=''
HAVE_WMEMCHR=''
HAVE_WMEMCMP=''
HAVE_WMEMCPY=''
HAVE_WMEMMOVE=''
HAVE_WMEMSET=''
HAVE_WS2TCPIP_H=''
HAVE_XLOCALE_H=''
HAVE__BOOL=''
HAVE__EXIT=''
HELP2MAN=''
HOSTENT_LIB=''
ICONV_CONST=''
ICONV_H=''
IGNORE_UNUSED_LIBRARIES_CFLAGS=''
INCLUDE_NEXT=''
INCLUDE_NEXT_AS_FIRST_DIRECTIVE=''
INET_NTOP_LIB=''
INET_PTON_LIB=''
INSTALL_DATA='${INSTALL} -m 644'
INSTALL_PROGRAM='${INSTALL}'
INSTALL_SCRIPT='${INSTALL}'
INSTALL_STRIP_PROGRAM='$(install_sh) -c -s'
INT32_MAX_LT_INTMAX_MAX=''
INT64_MAX_EQ_LONG_MAX=''
INTLLIBS=''
INTL_MACOSX_LIBS=''
LDFLAGS=''
LIBCOREUTILS_LIBDEPS=''
LIBCOREUTILS_LTLIBDEPS=''
LIBICONV=''
LIBINTL=''
LIBMULTITHREAD=''
LIBOBJS=''
LIBPTH=''
LIBPTH_PREFIX=''
LIBS=''
LIBSOCKET=''
LIBTESTS_LIBDEPS=''
LIBTHREAD=''
LIBUNISTRING_COMPILE_UNISTR_U8_MBTOUCR_FALSE=''
LIBUNISTRING_COMPILE_UNISTR_U8_MBTOUCR_TRUE=''
LIBUNISTRING_COMPILE_UNISTR_U8_UCTOMB_FALSE=''
LIBUNISTRING_COMPILE_UNISTR_U8_UCTOMB_TRUE=''
LIBUNISTRING_COMPILE_UNIWIDTH_WIDTH_FALSE=''
LIBUNISTRING_COMPILE_UNIWIDTH_WIDTH_TRUE=''
LIBUNISTRING_UNISTR_H=''
LIBUNISTRING_UNITYPES_H=''
LIBUNISTRING_UNIWIDTH_H=''
LIB_ACL=''
LIB_CAP=''
LIB_CLOCK_GETTIME=''
LIB_CRYPTO=''
LIB_EACCESS=''
LIB_FDATASYNC=''
LIB_GETHRXTIME=''
LIB_GMP=''
LIB_HAS_ACL=''
LIB_NANOSLEEP=''
LIB_NVPAIR=''
LIB_PTHREAD=''
LIB_SELECT=''
LIB_SELINUX=''
LIB_SMACK=''
LIB_TIMER_TIME=''
LIB_XATTR=''
LN_S='ln -s'
LOCALCHARSET_TESTS_ENVIRONMENT=''
LOCALE_FR=''
LOCALE_FR_UTF8=''
LOCALE_JA=''
LOCALE_TR_UTF8=''
LOCALE_ZH_CN=''
LTLIBICONV=''
LTLIBINTL=''
LTLIBMULTITHREAD=''
LTLIBOBJS=''
LTLIBPTH=''
LTLIBTHREAD=''
MAKEINFO='${SHELL} /home/crixec/workspace/cross/coreutils-8.25/build-aux/missing makeinfo'
MAN=''
MKDIR_P='/bin/mkdir -p'
MSGFMT=''
MSGFMT_015=''
MSGMERGE=''
NETINET_IN_H=''
NEXT_ARPA_INET_H=''
NEXT_AS_FIRST_DIRECTIVE_ARPA_INET_H=''
NEXT_AS_FIRST_DIRECTIVE_CTYPE_H=''
NEXT_AS_FIRST_DIRECTIVE_DIRENT_H=''
NEXT_AS_FIRST_DIRECTIVE_ERRNO_H=''
NEXT_AS_FIRST_DIRECTIVE_FCNTL_H=''
NEXT_AS_FIRST_DIRECTIVE_FLOAT_H=''
NEXT_AS_FIRST_DIRECTIVE_GETOPT_H=''
NEXT_AS_FIRST_DIRECTIVE_ICONV_H=''
NEXT_AS_FIRST_DIRECTIVE_INTTYPES_H=''
NEXT_AS_FIRST_DIRECTIVE_LANGINFO_H=''
NEXT_AS_FIRST_DIRECTIVE_LOCALE_H=''
NEXT_AS_FIRST_DIRECTIVE_MATH_H=''
NEXT_AS_FIRST_DIRECTIVE_NETDB_H=''
NEXT_AS_FIRST_DIRECTIVE_NETINET_IN_H=''
NEXT_AS_FIRST_DIRECTIVE_PTHREAD_H=''
NEXT_AS_FIRST_DIRECTIVE_SCHED_H=''
NEXT_AS_FIRST_DIRECTIVE_SELINUX_SELINUX_H=''
NEXT_AS_FIRST_DIRECTIVE_SIGNAL_H=''
NEXT_AS_FIRST_DIRECTIVE_STDARG_H=''
NEXT_AS_FIRST_DIRECTIVE_STDDEF_H=''
NEXT_AS_FIRST_DIRECTIVE_STDINT_H=''
NEXT_AS_FIRST_DIRECTIVE_STDIO_H=''
NEXT_AS_FIRST_DIRECTIVE_STDLIB_H=''
NEXT_AS_FIRST_DIRECTIVE_STRING_H=''
NEXT_AS_FIRST_DIRECTIVE_SYS_IOCTL_H=''
NEXT_AS_FIRST_DIRECTIVE_SYS_RESOURCE_H=''
NEXT_AS_FIRST_DIRECTIVE_SYS_SELECT_H=''
NEXT_AS_FIRST_DIRECTIVE_SYS_SOCKET_H=''
NEXT_AS_FIRST_DIRECTIVE_SYS_STAT_H=''
NEXT_AS_FIRST_DIRECTIVE_SYS_TIME_H=''
NEXT_AS_FIRST_DIRECTIVE_SYS_TYPES_H=''
NEXT_AS_FIRST_DIRECTIVE_SYS_UIO_H=''
NEXT_AS_FIRST_DIRECTIVE_SYS_UTSNAME_H=''
NEXT_AS_FIRST_DIRECTIVE_SYS_WAIT_H=''
NEXT_AS_FIRST_DIRECTIVE_TERMIOS_H=''
NEXT_AS_FIRST_DIRECTIVE_TIME_H=''
NEXT_AS_FIRST_DIRECTIVE_UNISTD_H=''
NEXT_AS_FIRST_DIRECTIVE_WCHAR_H=''
NEXT_AS_FIRST_DIRECTIVE_WCTYPE_H=''
NEXT_CTYPE_H=''
NEXT_DIRENT_H=''
NEXT_ERRNO_H=''
NEXT_FCNTL_H=''
NEXT_FLOAT_H=''
NEXT_GETOPT_H=''
NEXT_ICONV_H=''
NEXT_INTTYPES_H=''
NEXT_LANGINFO_H=''
NEXT_LOCALE_H=''
NEXT_MATH_H=''
NEXT_NETDB_H=''
NEXT_NETINET_IN_H=''
NEXT_PTHREAD_H=''
NEXT_SCHED_H=''
NEXT_SELINUX_SELINUX_H=''
NEXT_SIGNAL_H=''
NEXT_STDARG_H=''
NEXT_STDDEF_H=''
NEXT_STDINT_H=''
NEXT_STDIO_H=''
NEXT_STDLIB_H=''
NEXT_STRING_H=''
NEXT_SYS_IOCTL_H=''
NEXT_SYS_RESOURCE_H=''
NEXT_SYS_SELECT_H=''
NEXT_SYS_SOCKET_H=''
NEXT_SYS_STAT_H=''
NEXT_SYS_TIME_H=''
NEXT_SYS_TYPES_H=''
NEXT_SYS_UIO_H=''
NEXT_SYS_UTSNAME_H=''
NEXT_SYS_WAIT_H=''
NEXT_TERMIOS_H=''
NEXT_TIME_H=''
NEXT_UNISTD_H=''
NEXT_WCHAR_H=''
NEXT_WCTYPE_H=''
OBJEXT='o'
PACKAGE='coreutils'
PACKAGE_BUGREPORT='bug-coreutils@gnu.org'
PACKAGE_NAME='GNU coreutils'
PACKAGE_STRING='GNU coreutils 8.25'
PACKAGE_TARNAME='coreutils'
PACKAGE_URL='http://www.gnu.org/software/coreutils/'
PACKAGE_VERSION='8.25'
PATH_SEPARATOR=':'
PERL=''
POSIX_SHELL=''
POSUB=''
PRAGMA_COLUMNS=''
PRAGMA_SYSTEM_HEADER=''
PREFERABLY_POSIX_SHELL=''
PRIPTR_PREFIX=''
PRI_MACROS_BROKEN=''
PTHREAD_H=''
PTHREAD_H_DEFINES_STRUCT_TIMESPEC=''
PTRDIFF_T_SUFFIX=''
RANLIB='ranlib'
REPLACE_BTOWC=''
REPLACE_CALLOC=''
REPLACE_CANONICALIZE_FILE_NAME=''
REPLACE_CBRTF=''
REPLACE_CBRTL=''
REPLACE_CEIL=''
REPLACE_CEILF=''
REPLACE_CEILL=''
REPLACE_CHOWN=''
REPLACE_CLOSE=''
REPLACE_CLOSEDIR=''
REPLACE_DIRFD=''
REPLACE_DPRINTF=''
REPLACE_DUP2=''
REPLACE_DUP=''
REPLACE_DUPLOCALE=''
REPLACE_EXP2=''
REPLACE_EXP2L=''
REPLACE_EXPM1=''
REPLACE_EXPM1F=''
REPLACE_FABSL=''
REPLACE_FCHOWNAT=''
REPLACE_FCLOSE=''
REPLACE_FCNTL=''
REPLACE_FDOPEN=''
REPLACE_FDOPENDIR=''
REPLACE_FFLUSH=''
REPLACE_FLOOR=''
REPLACE_FLOORF=''
REPLACE_FLOORL=''
REPLACE_FMA=''
REPLACE_FMAF=''
REPLACE_FMAL=''
REPLACE_FMOD=''
REPLACE_FMODF=''
REPLACE_FMODL=''
REPLACE_FOPEN=''
REPLACE_FPRINTF=''
REPLACE_FPURGE=''
REPLACE_FREOPEN=''
REPLACE_FREXP=''
REPLACE_FREXPF=''
REPLACE_FREXPL=''
REPLACE_FSEEK=''
REPLACE_FSEEKO=''
REPLACE_FSTAT=''
REPLACE_FSTATAT=''
REPLACE_FTELL=''
REPLACE_FTELLO=''
REPLACE_FTRUNCATE=''
REPLACE_FUTIMENS=''
REPLACE_GAI_STRERROR=''
REPLACE_GETCWD=''
REPLACE_GETDELIM=''
REPLACE_GETDOMAINNAME=''
REPLACE_GETDTABLESIZE=''
REPLACE_GETGROUPS=''
REPLACE_GETLINE=''
REPLACE_GETLOGIN_R=''
REPLACE_GETPAGESIZE=''
REPLACE_GETTIMEOFDAY=''
REPLACE_GMTIME=''
REPLACE_HUGE_VAL=''
REPLACE_HYPOT=''
REPLACE_HYPOTF=''
REPLACE_HYPOTL=''
REPLACE_ICONV=''
REPLACE_ICONV_OPEN=''
REPLACE_ICONV_UTF=''
REPLACE_ILOGB=''
REPLACE_ILOGBF=''
REPLACE_INET_NTOP=''
REPLACE_INET_PTON=''
REPLACE_IOCTL=''
REPLACE_ISATTY=''
REPLACE_ISFINITE=''
REPLACE_ISINF=''
REPLACE_ISNAN=''
REPLACE_ISWBLANK=''
REPLACE_ISWCNTRL=''
REPLACE_ITOLD=''
REPLACE_LCHOWN=''
REPLACE_LDEXPL=''
REPLACE_LINK=''
REPLACE_LINKAT=''
REPLACE_LOCALECONV=''
REPLACE_LOCALTIME=''
REPLACE_LOCALTIME_R=''
REPLACE_LOG10=''
REPLACE_LOG10F=''
REPLACE_LOG10L=''
REPLACE_LOG1P=''
REPLACE_LOG1PF=''
REPLACE_LOG1PL=''
REPLACE_LOG2=''
REPLACE_LOG2F=''
REPLACE_LOG2L=''
REPLACE_LOG=''
REPLACE_LOGB=''
REPLACE_LOGBF=''
REPLACE_LOGBL=''
REPLACE_LOGF=''
REPLACE_LOGL=''
REPLACE_LSEEK=''
REPLACE_LSTAT=''
REPLACE_MALLOC=''
REPLACE_MBRLEN=''
REPLACE_MBRTOWC=''
REPLACE_MBSINIT=''
REPLACE_MBSNRTOWCS=''
REPLACE_MBSRTOWCS=''
REPLACE_MBSTATE_T=''
REPLACE_MBTOWC=''
REPLACE_MEMCHR=''
REPLACE_MEMMEM=''
REPLACE_MKDIR=''
REPLACE_MKFIFO=''
REPLACE_MKNOD=''
REPLACE_MKSTEMP=''
REPLACE_MKTIME=''
REPLACE_MODF=''
REPLACE_MODFF=''
REPLACE_MODFL=''
REPLACE_NAN=''
REPLACE_NANOSLEEP=''
REPLACE_NL_LANGINFO=''
REPLACE_NULL=''
REPLACE_OBSTACK_PRINTF=''
REPLACE_OPEN=''
REPLACE_OPENAT=''
REPLACE_OPENDIR=''
REPLACE_PERROR=''
REPLACE_POPEN=''
REPLACE_PREAD=''
REPLACE_PRINTF=''
REPLACE_PSELECT=''
REPLACE_PTHREAD_SIGMASK=''
REPLACE_PTSNAME=''
REPLACE_PTSNAME_R=''
REPLACE_PUTENV=''
REPLACE_PWRITE=''
REPLACE_QSORT_R=''
REPLACE_RAISE=''
REPLACE_RANDOM_R=''
REPLACE_READ=''
REPLACE_READLINK=''
REPLACE_READLINKAT=''
REPLACE_REALLOC=''
REPLACE_REALPATH=''
REPLACE_REMAINDER=''
REPLACE_REMAINDERF=''
REPLACE_REMAINDERL=''
REPLACE_REMOVE=''
REPLACE_RENAME=''
REPLACE_RENAMEAT=''
REPLACE_RMDIR=''
REPLACE_ROUND=''
REPLACE_ROUNDF=''
REPLACE_ROUNDL=''
REPLACE_SELECT=''
REPLACE_SETENV=''
REPLACE_SETLOCALE=''
REPLACE_SIGNBIT=''
REPLACE_SIGNBIT_USING_GCC=''
REPLACE_SLEEP=''
REPLACE_SNPRINTF=''
REPLACE_SPRINTF=''
REPLACE_SQRTL=''
REPLACE_STAT=''
REPLACE_STDIO_READ_FUNCS=''
REPLACE_STDIO_WRITE_FUNCS=''
REPLACE_STPNCPY=''
REPLACE_STRCASESTR=''
REPLACE_STRCHRNUL=''
REPLACE_STRDUP=''
REPLACE_STRERROR=''
REPLACE_STRERROR_R=''
REPLACE_STRNCAT=''
REPLACE_STRNDUP=''
REPLACE_STRNLEN=''
REPLACE_STRSIGNAL=''
REPLACE_STRSTR=''
REPLACE_STRTOD=''
REPLACE_STRTOIMAX=''
REPLACE_STRTOK_R=''
REPLACE_STRTOUMAX=''
REPLACE_STRUCT_LCONV=''
REPLACE_STRUCT_TIMEVAL=''
REPLACE_SYMLINK=''
REPLACE_SYMLINKAT=''
REPLACE_TIMEGM=''
REPLACE_TMPFILE=''
REPLACE_TOWLOWER=''
REPLACE_TRUNC=''
REPLACE_TRUNCF=''
REPLACE_TRUNCL=''
REPLACE_TTYNAME_R=''
REPLACE_UNLINK=''
REPLACE_UNLINKAT=''
REPLACE_UNSETENV=''
REPLACE_USLEEP=''
REPLACE_UTIMENSAT=''
REPLACE_VASPRINTF=''
REPLACE_VDPRINTF=''
REPLACE_VFPRINTF=''
REPLACE_VPRINTF=''
REPLACE_VSNPRINTF=''
REPLACE_VSPRINTF=''
REPLACE_WCRTOMB=''
REPLACE_WCSNRTOMBS=''
REPLACE_WCSRTOMBS=''
REPLACE_WCSWIDTH=''
REPLACE_WCTOB=''
REPLACE_WCTOMB=''
REPLACE_WCWIDTH=''
REPLACE_WRITE=''
SCHED_H=''
SED=''
SELINUX_CONTEXT_H=''
SEQ_LIBM=''
SERVENT_LIB=''
SET_MAKE=''
SHELL='/bin/bash'
SIG_ATOMIC_T_SUFFIX=''
SINGLE_BINARY_FALSE=''
SINGLE_BINARY_TRUE=''
SIZE_T_SUFFIX=''
STDALIGN_H=''
STDARG_H=''
STDBOOL_H=''
STDDEF_H=''
STDINT_H=''
STRIP=''
SYS_IOCTL_H_HAVE_WINSOCK2_H=''
SYS_IOCTL_H_HAVE_WINSOCK2_H_AND_USE_SOCKETS=''
SYS_TIME_H_DEFINES_STRUCT_TIMESPEC=''
TIME_H_DEFINES_STRUCT_TIMESPEC=''
UINT32_MAX_LT_UINTMAX_MAX=''
UINT64_MAX_EQ_ULONG_MAX=''
UNDEFINE_STRTOK_R=''
UNISTD_H_DEFINES_STRUCT_TIMESPEC=''
UNISTD_H_HAVE_WINSOCK2_H=''
UNISTD_H_HAVE_WINSOCK2_H_AND_USE_SOCKETS=''
USE_ACL=''
USE_NLS=''
VERSION='8.25'
WARN_CFLAGS=''
WCHAR_T_SUFFIX=''
WERROR_CFLAGS=''
WINDOWS_64_BIT_OFF_T=''
WINDOWS_64_BIT_ST_SIZE=''
WINT_T_SUFFIX=''
XGETTEXT=''
XGETTEXT_015=''
XGETTEXT_EXTRA_OPTIONS=''
YACC=''
YFLAGS=''
YIELD_LIB=''
abs_aux_dir=''
ac_ct_AR=''
ac_ct_CC='gcc'
am__EXEEXT_FALSE=''
am__EXEEXT_TRUE=''
am__fastdepCC_FALSE='#'
am__fastdepCC_TRUE=''
am__include='include'
am__isrc=''
am__leading_dot='.'
am__nodep='_no'
am__quote=''
am__tar='$${TAR-tar} chof - "$$tardir"'
am__untar='$${TAR-tar} xf -'
bin_PROGRAMS=''
bindir='${exec_prefix}/bin'
build='clean'
build_alias='clean'
build_cpu=''
build_os=''
build_vendor=''
built_programs=''
datadir='${datarootdir}'
datarootdir='${prefix}/share'
docdir='${datarootdir}/doc/${PACKAGE_TARNAME}'
dvidir='${docdir}'
exec_prefix='NONE'
gl_LIBOBJS=''
gl_LTLIBOBJS=''
gltests_LIBOBJS=''
gltests_LTLIBOBJS=''
gltests_WITNESS=''
host='clean'
host_alias='clean'
host_cpu=''
host_os=''
host_vendor=''
htmldir='${docdir}'
includedir='${prefix}/include'
infodir='${datarootdir}/info'
install_sh='${SHELL} /home/crixec/workspace/cross/coreutils-8.25/build-aux/install-sh'
libdir='${exec_prefix}/lib'
libexecdir='${exec_prefix}/libexec'
lispdir=''
localedir='${datarootdir}/locale'
localstatedir='${prefix}/var'
man1_MANS=''
mandir='${datarootdir}/man'
mkdir_p='$(MKDIR_P)'
oldincludedir='/usr/include'
pdfdir='${docdir}'
pkglibexec_PROGRAMS=''
pkglibexecdir=''
prefix='NONE'
program_transform_name='s,x,x,'
psdir='${docdir}'
runstatedir=''
sbindir='${exec_prefix}/sbin'
sharedstatedir='${prefix}/com'
single_binary_deps=''
single_binary_install_type=''
single_binary_libs=''
single_binary_progs=''
sysconfdir='${prefix}/etc'
target_alias='clean'

## ----------- ##
## confdefs.h. ##
## ----------- ##

/* confdefs.h */
#define PACKAGE_NAME "GNU coreutils"
#define PACKAGE_TARNAME "coreutils"
#define PACKAGE_VERSION "8.25"
#define PACKAGE_STRING "GNU coreutils 8.25"
#define PACKAGE_BUGREPORT "bug-coreutils@gnu.org"
#define PACKAGE_URL "http://www.gnu.org/software/coreutils/"
#define PACKAGE "coreutils"
#define VERSION "8.25"
#define STDC_HEADERS 1

configure: caught signal 2
configure: exit 1
